This file contains any messages produced by compilers while
running configure, to aid debugging if configure makes a mistake.

It was created by configure, which was
generated by GNU Autoconf 2.59.  Invocation command line was

  $ ./configure --with-mysql=/mysql32/bin/mysql_config --with-pcre

## --------- ##
## Platform. ##
## --------- ##

hostname = br7.inovalink.net
uname -m = x86_64
uname -r = 2.6.18-238.19.1.el5.centos.plusxen
uname -s = Linux
uname -v = #1 SMP Mon Jul 18 11:02:46 EDT 2011

/usr/bin/uname -p = unknown
/bin/uname -X     = unknown

/bin/arch              = x86_64
/usr/bin/arch -k       = unknown
/usr/convex/getsysinfo = unknown
hostinfo               = unknown
/bin/machine           = unknown
/usr/bin/oslevel       = unknown
/bin/universe          = unknown

PATH: /mnt/br4370/perl5/bin
PATH: /usr/local/jdk/bin
PATH: /usr/local/jdk/bin
PATH: /usr/kerberos/sbin
PATH: /usr/kerberos/bin
PATH: /home/ec2/bin
PATH: /usr/local/sbin
PATH: /usr/local/bin
PATH: /sbin
PATH: /bin
PATH: /usr/sbin
PATH: /usr/bin
PATH: /home/ec2/bin
PATH: /usr/local/bin
PATH: /usr/X11R6/bin
PATH: /root/bin
PATH: /usr/local/bin
PATH: /usr/X11R6/bin


## ----------- ##
## Core tests. ##
## ----------- ##

configure:1583: checking whether make sets $(MAKE)
configure:1603: result: yes
configure:1658: checking for gcc
configure:1674: found /usr/bin/gcc
configure:1684: result: gcc
configure:1928: checking for C compiler version
configure:1931: gcc --version </dev/null >&5
gcc (GCC) 4.1.2 20080704 (Red Hat 4.1.2-50)
Copyright (C) 2006 Free Software Foundation, Inc.
This is free software; see the source for copying conditions.  There is NO
warranty; not even for MERCHANTABILITY or FITNESS FOR A PARTICULAR PURPOSE.

configure:1934: $? = 0
configure:1936: gcc -v </dev/null >&5
Using built-in specs.
Target: x86_64-redhat-linux
Configured with: ../configure --prefix=/usr --mandir=/usr/share/man --infodir=/usr/share/info --enable-shared --enable-threads=posix --enable-checking=release --with-system-zlib --enable-__cxa_atexit --disable-libunwind-exceptions --enable-libgcj-multifile --enable-languages=c,c++,objc,obj-c++,java,fortran,ada --enable-java-awt=gtk --disable-dssi --disable-plugin --with-java-home=/usr/lib/jvm/java-1.4.2-gcj-1.4.2.0/jre --with-cpu=generic --host=x86_64-redhat-linux
Thread model: posix
gcc version 4.1.2 20080704 (Red Hat 4.1.2-50)
configure:1939: $? = 0
configure:1941: gcc -V </dev/null >&5
gcc: '-V' option must have argument
configure:1944: $? = 1
configure:1967: checking for C compiler default output file name
configure:1970: gcc    conftest.c  >&5
configure:1973: $? = 0
configure:2019: result: a.out
configure:2024: checking whether the C compiler works
configure:2030: ./a.out
configure:2033: $? = 0
configure:2050: result: yes
configure:2057: checking whether we are cross compiling
configure:2059: result: no
configure:2062: checking for suffix of executables
configure:2064: gcc -o conftest    conftest.c  >&5
configure:2067: $? = 0
configure:2092: result: 
configure:2098: checking for suffix of object files
configure:2119: gcc -c   conftest.c >&5
configure:2122: $? = 0
configure:2144: result: o
configure:2148: checking whether we are using the GNU C compiler
configure:2172: gcc -c   conftest.c >&5
configure:2178: $? = 0
configure:2182: test -z 
			 || test ! -s conftest.err
configure:2185: $? = 0
configure:2188: test -s conftest.o
configure:2191: $? = 0
configure:2204: result: yes
configure:2210: checking whether gcc accepts -g
configure:2231: gcc -c -g  conftest.c >&5
configure:2237: $? = 0
configure:2241: test -z 
			 || test ! -s conftest.err
configure:2244: $? = 0
configure:2247: test -s conftest.o
configure:2250: $? = 0
configure:2261: result: yes
configure:2278: checking for gcc option to accept ANSI C
configure:2348: gcc  -c -g -O2  conftest.c >&5
configure:2354: $? = 0
configure:2358: test -z 
			 || test ! -s conftest.err
configure:2361: $? = 0
configure:2364: test -s conftest.o
configure:2367: $? = 0
configure:2385: result: none needed
configure:2403: gcc -c -g -O2  conftest.c >&5
conftest.c:2: error: expected '=', ',', ';', 'asm' or '__attribute__' before 'me'
configure:2409: $? = 1
configure: failed program was:
| #ifndef __cplusplus
|   choke me
| #endif
configure:2547: checking how to run the C preprocessor
configure:2582: gcc -E  conftest.c
configure:2588: $? = 0
configure:2620: gcc -E  conftest.c
conftest.c:9:28: error: ac_nonexistent.h: No such file or directory
configure:2626: $? = 1
configure: failed program was:
| /* confdefs.h.  */
| 
| #define PACKAGE_NAME ""
| #define PACKAGE_TARNAME ""
| #define PACKAGE_VERSION ""
| #define PACKAGE_STRING ""
| #define PACKAGE_BUGREPORT ""
| /* end confdefs.h.  */
| #include <ac_nonexistent.h>
configure:2665: result: gcc -E
configure:2689: gcc -E  conftest.c
configure:2695: $? = 0
configure:2727: gcc -E  conftest.c
conftest.c:9:28: error: ac_nonexistent.h: No such file or directory
configure:2733: $? = 1
configure: failed program was:
| /* confdefs.h.  */
| 
| #define PACKAGE_NAME ""
| #define PACKAGE_TARNAME ""
| #define PACKAGE_VERSION ""
| #define PACKAGE_STRING ""
| #define PACKAGE_BUGREPORT ""
| /* end confdefs.h.  */
| #include <ac_nonexistent.h>
configure:2789: checking whether byte ordering is bigendian
configure:2816: gcc -c -g -O2 -pipe -ffast-math -Wall -Wno-sign-compare  -I../common conftest.c >&5
configure:2822: $? = 0
configure:2826: test -z 
			 || test ! -s conftest.err
configure:2829: $? = 0
configure:2832: test -s conftest.o
configure:2835: $? = 0
configure:2859: gcc -c -g -O2 -pipe -ffast-math -Wall -Wno-sign-compare  -I../common conftest.c >&5
conftest.c: In function 'main':
conftest.c:16: error: 'not' undeclared (first use in this function)
conftest.c:16: error: (Each undeclared identifier is reported only once
conftest.c:16: error: for each function it appears in.)
conftest.c:16: error: expected ';' before 'big'
configure:2865: $? = 1
configure: failed program was:
| /* confdefs.h.  */
| 
| #define PACKAGE_NAME ""
| #define PACKAGE_TARNAME ""
| #define PACKAGE_VERSION ""
| #define PACKAGE_STRING ""
| #define PACKAGE_BUGREPORT ""
| /* end confdefs.h.  */
| #include <sys/types.h>
| #include <sys/param.h>
| 
| int
| main ()
| {
| #if BYTE_ORDER != BIG_ENDIAN
|  not big endian
| #endif
| 
|   ;
|   return 0;
| }
configure:3000: result: no
configure:3018: checking whether pointers can be stored in ints (old code)
configure:3037: gcc -c -g -O2 -pipe -ffast-math -Wall -Wno-sign-compare  -I../common conftest.c >&5
conftest.c:9: error: size of array 'test_array' is negative
configure:3043: $? = 1
configure: failed program was:
| /* confdefs.h.  */
| 
| #define PACKAGE_NAME ""
| #define PACKAGE_TARNAME ""
| #define PACKAGE_VERSION ""
| #define PACKAGE_STRING ""
| #define PACKAGE_BUGREPORT ""
| /* end confdefs.h.  */
| static int test_array[((long int)sizeof(int)) == ((long int)sizeof(void*)) ? 1 : -1];
| int
| main ()
| {
| 
|   ;
|   return 0;
| }
configure:3086: gcc -c -g -O2 -pipe -ffast-math -Wall -Wno-sign-compare -m32  -I../common conftest.c >&5
conftest.c:9: warning: 'test_array' defined but not used
configure:3092: $? = 0
configure:3096: test -z 
			 || test ! -s conftest.err
configure:3099: $? = 0
configure:3102: test -s conftest.o
configure:3105: $? = 0
configure:3117: result: yes (with -m32)
configure:3127: checking whether gcc supports -Wno-unused-parameter
configure:3135: gcc -c -g -O2 -pipe -ffast-math -Wall -Wno-sign-compare -m32 -Wno-unused-parameter  -I../common conftest.c >&5
configure:3141: $? = 0
configure:3145: test -z 
			 || test ! -s conftest.err
configure:3148: $? = 0
configure:3151: test -s conftest.o
configure:3154: $? = 0
configure:3156: result: yes
configure:3172: checking whether gcc supports -Wno-pointer-sign
configure:3180: gcc -c -g -O2 -pipe -ffast-math -Wall -Wno-sign-compare -m32 -Wno-unused-parameter -Wno-pointer-sign  -I../common conftest.c >&5
configure:3186: $? = 0
configure:3190: test -z 
			 || test ! -s conftest.err
configure:3193: $? = 0
configure:3196: test -s conftest.o
configure:3199: $? = 0
configure:3202: result: yes
configure:3204: checking whether gcc can actually use -Wno-pointer-sign
configure:3213: gcc -c -g -O2 -pipe -ffast-math -Wall -Wno-sign-compare -m32 -Wno-unused-parameter -Werror -Wno-pointer-sign  -I../common conftest.c >&5
configure:3219: $? = 0
configure:3223: test -z 
			 || test ! -s conftest.err
configure:3226: $? = 0
configure:3229: test -s conftest.o
configure:3232: $? = 0
configure:3235: result: yes
configure:3266: checking whether gcc supports -Wno-switch
configure:3274: gcc -c -g -O2 -pipe -ffast-math -Wall -Wno-sign-compare -m32 -Wno-unused-parameter -Wno-pointer-sign -Wno-switch  -I../common conftest.c >&5
configure:3280: $? = 0
configure:3284: test -z 
			 || test ! -s conftest.err
configure:3287: $? = 0
configure:3290: test -s conftest.o
configure:3293: $? = 0
configure:3295: result: yes
configure:3311: checking whether gcc supports -fPIC
configure:3319: gcc -c -g -O2 -pipe -ffast-math -Wall -Wno-sign-compare -m32 -Wno-unused-parameter -Wno-pointer-sign -Wno-switch -fPIC  -I../common conftest.c >&5
configure:3325: $? = 0
configure:3329: test -z 
			 || test ! -s conftest.err
configure:3332: $? = 0
configure:3335: test -s conftest.o
configure:3338: $? = 0
configure:3341: result: yes
configure:3364: checking whether gcc needs -fPIC for shared objects
configure:3378: gcc -o conftest -g -O2 -pipe -ffast-math -Wall -Wno-sign-compare -m32 -Wno-unused-parameter -Wno-pointer-sign -Wno-switch -shared  -I../common  -m32 conftest.c  >&5
configure:3384: $? = 0
configure:3388: test -z 
			 || test ! -s conftest.err
configure:3391: $? = 0
configure:3394: test -s conftest
configure:3397: $? = 0
configure:3400: result: no
configure:3479: checking whether gcc supports -fno-strict-aliasing
configure:3487: gcc -c -g -O2 -pipe -ffast-math -Wall -Wno-sign-compare -m32 -Wno-unused-parameter -Wno-pointer-sign -Wno-switch -fno-strict-aliasing  -I../common conftest.c >&5
configure:3493: $? = 0
configure:3497: test -z 
			 || test ! -s conftest.err
configure:3500: $? = 0
configure:3503: test -s conftest.o
configure:3506: $? = 0
configure:3508: result: yes
configure:3527: checking whether gcc is able to typecast to union
configure:3553: gcc -c -g -O2 -pipe -ffast-math -Wall -Wno-sign-compare -m32 -Wno-unused-parameter -Wno-pointer-sign -Wno-switch -fno-strict-aliasing  -I../common conftest.c >&5
configure:3559: $? = 0
configure:3563: test -z 
			 || test ! -s conftest.err
configure:3566: $? = 0
configure:3569: test -s conftest.o
configure:3572: $? = 0
configure:3575: result: yes
configure:3600: checking for setrlimit
configure:3657: gcc -o conftest -g -O2 -pipe -ffast-math -Wall -Wno-sign-compare -m32 -Wno-unused-parameter -Wno-pointer-sign -Wno-switch -fno-strict-aliasing  -I../common  -m32 conftest.c  >&5
configure:3663: $? = 0
configure:3667: test -z 
			 || test ! -s conftest.err
configure:3670: $? = 0
configure:3673: test -s conftest
configure:3676: $? = 0
configure:3688: result: yes
configure:3699: checking for strnlen
configure:3756: gcc -o conftest -g -O2 -pipe -ffast-math -Wall -Wno-sign-compare -m32 -Wno-unused-parameter -Wno-pointer-sign -Wno-switch -fno-strict-aliasing -DHAVE_SETRLIMIT  -I../common  -m32 conftest.c  >&5
configure:3762: $? = 0
configure:3766: test -z 
			 || test ! -s conftest.err
configure:3769: $? = 0
configure:3772: test -s conftest
configure:3775: $? = 0
configure:3787: result: yes
configure:4574: checking for inflateEnd in -lz
configure:4604: gcc -o conftest -g -O2 -pipe -ffast-math -Wall -Wno-sign-compare -m32 -Wno-unused-parameter -Wno-pointer-sign -Wno-switch -fno-strict-aliasing -DHAVE_SETRLIMIT -DHAVE_STRNLEN -Wno-unused -Wno-parentheses  -I../common -I/usr/include  -m32 -L/usr/lib conftest.c -lz   >&5
configure:4610: $? = 0
configure:4614: test -z 
			 || test ! -s conftest.err
configure:4617: $? = 0
configure:4620: test -s conftest
configure:4623: $? = 0
configure:4636: result: yes
configure:4661: checking zlib.h usability
configure:4673: gcc -c -g -O2 -pipe -ffast-math -Wall -Wno-sign-compare -m32 -Wno-unused-parameter -Wno-pointer-sign -Wno-switch -fno-strict-aliasing -DHAVE_SETRLIMIT -DHAVE_STRNLEN -Wno-unused -Wno-parentheses  -I../common -I/usr/include conftest.c >&5
configure:4679: $? = 0
configure:4683: test -z 
			 || test ! -s conftest.err
configure:4686: $? = 0
configure:4689: test -s conftest.o
configure:4692: $? = 0
configure:4702: result: yes
configure:4706: checking zlib.h presence
configure:4716: gcc -E  -I../common -I/usr/include conftest.c
configure:4722: $? = 0
configure:4742: result: yes
configure:4777: checking for zlib.h
configure:4784: result: yes
configure:4802: checking for library containing sqrt
configure:4832: gcc -o conftest -g -O2 -pipe -ffast-math -Wall -Wno-sign-compare -m32 -Wno-unused-parameter -Wno-pointer-sign -Wno-switch -fno-strict-aliasing -DHAVE_SETRLIMIT -DHAVE_STRNLEN -Wno-unused -Wno-parentheses  -I../common -I/usr/include  -m32 -L/usr/lib conftest.c -lz  >&5
conftest.c:17: warning: conflicting types for built-in function 'sqrt'
/tmp/ccZ7Uj3S.o: In function `main':
/mnt/br4370/cronus3338/conftest.c:21: undefined reference to `sqrt'
collect2: ld returned 1 exit status
configure:4838: $? = 1
configure: failed program was:
| /* confdefs.h.  */
| 
| #define PACKAGE_NAME ""
| #define PACKAGE_TARNAME ""
| #define PACKAGE_VERSION ""
| #define PACKAGE_STRING ""
| #define PACKAGE_BUGREPORT ""
| #define HAVE_LIBZ 1
| /* end confdefs.h.  */
| 
| /* Override any gcc2 internal prototype to avoid an error.  */
| #ifdef __cplusplus
| extern "C"
| #endif
| /* We use char because int might match the return type of a gcc2
|    builtin and then its argument prototype would still apply.  */
| char sqrt ();
| int
| main ()
| {
| sqrt ();
|   ;
|   return 0;
| }
configure:4887: gcc -o conftest -g -O2 -pipe -ffast-math -Wall -Wno-sign-compare -m32 -Wno-unused-parameter -Wno-pointer-sign -Wno-switch -fno-strict-aliasing -DHAVE_SETRLIMIT -DHAVE_STRNLEN -Wno-unused -Wno-parentheses  -I../common -I/usr/include  -m32 -L/usr/lib conftest.c -lm  -lz  >&5
conftest.c:17: warning: conflicting types for built-in function 'sqrt'
configure:4893: $? = 0
configure:4897: test -z 
			 || test ! -s conftest.err
configure:4900: $? = 0
configure:4903: test -s conftest
configure:4906: $? = 0
configure:4921: result: -lm
configure:4937: checking for library containing clock_gettime
configure:4967: gcc -o conftest -g -O2 -pipe -ffast-math -Wall -Wno-sign-compare -m32 -Wno-unused-parameter -Wno-pointer-sign -Wno-switch -fno-strict-aliasing -DHAVE_SETRLIMIT -DHAVE_STRNLEN -Wno-unused -Wno-parentheses  -I../common -I/usr/include  -m32 -L/usr/lib conftest.c -lm -lz  >&5
/tmp/cceC43I5.o: In function `main':
/mnt/br4370/cronus3338/conftest.c:21: undefined reference to `clock_gettime'
collect2: ld returned 1 exit status
configure:4973: $? = 1
configure: failed program was:
| /* confdefs.h.  */
| 
| #define PACKAGE_NAME ""
| #define PACKAGE_TARNAME ""
| #define PACKAGE_VERSION ""
| #define PACKAGE_STRING ""
| #define PACKAGE_BUGREPORT ""
| #define HAVE_LIBZ 1
| /* end confdefs.h.  */
| 
| /* Override any gcc2 internal prototype to avoid an error.  */
| #ifdef __cplusplus
| extern "C"
| #endif
| /* We use char because int might match the return type of a gcc2
|    builtin and then its argument prototype would still apply.  */
| char clock_gettime ();
| int
| main ()
| {
| clock_gettime ();
|   ;
|   return 0;
| }
configure:5022: gcc -o conftest -g -O2 -pipe -ffast-math -Wall -Wno-sign-compare -m32 -Wno-unused-parameter -Wno-pointer-sign -Wno-switch -fno-strict-aliasing -DHAVE_SETRLIMIT -DHAVE_STRNLEN -Wno-unused -Wno-parentheses  -I../common -I/usr/include  -m32 -L/usr/lib conftest.c -lrt  -lm -lz  >&5
configure:5028: $? = 0
configure:5032: test -z 
			 || test ! -s conftest.err
configure:5035: $? = 0
configure:5038: test -s conftest
configure:5041: $? = 0
configure:5056: result: -lrt
configure:5074: checking whether CLOCK_MONOTONIC is supported and works
configure:5097: gcc -o conftest -g -O2 -pipe -ffast-math -Wall -Wno-sign-compare -m32 -Wno-unused-parameter -Wno-pointer-sign -Wno-switch -fno-strict-aliasing -DHAVE_SETRLIMIT -DHAVE_STRNLEN -Wno-unused -Wno-parentheses  -I../common -I/usr/include  -m32 -L/usr/lib conftest.c -lrt -lm -lz  >&5
configure:5100: $? = 0
configure:5102: ./conftest
configure:5105: $? = 0
configure:5108: result: yes
configure:5198: checking for mysql_init in -lmysqlclient
configure:5228: gcc -o conftest -g -O2 -pipe -ffast-math -Wall -Wno-sign-compare -m32 -Wno-unused-parameter -Wno-pointer-sign -Wno-switch -fno-strict-aliasing -DHAVE_SETRLIMIT -DHAVE_STRNLEN -Wno-unused -Wno-parentheses -DHAVE_MONOTONIC_CLOCK  -I../common -I/usr/include -I/mysql32/include  -m32 -L/usr/lib -rdynamic -L/mysql32/lib -lmysqlclient -lz -lcrypt -lnsl -lm conftest.c -lmysqlclient  -lrt -lm -lz  >&5
configure:5234: $? = 0
configure:5238: test -z 
			 || test ! -s conftest.err
configure:5241: $? = 0
configure:5244: test -s conftest
configure:5247: $? = 0
configure:5260: result: yes
configure:5276: checking mysql.h usability
configure:5288: gcc -c -g -O2 -pipe -ffast-math -Wall -Wno-sign-compare -m32 -Wno-unused-parameter -Wno-pointer-sign -Wno-switch -fno-strict-aliasing -DHAVE_SETRLIMIT -DHAVE_STRNLEN -Wno-unused -Wno-parentheses -DHAVE_MONOTONIC_CLOCK  -I../common -I/usr/include -I/mysql32/include conftest.c >&5
configure:5294: $? = 0
configure:5298: test -z 
			 || test ! -s conftest.err
configure:5301: $? = 0
configure:5304: test -s conftest.o
configure:5307: $? = 0
configure:5317: result: yes
configure:5321: checking mysql.h presence
configure:5331: gcc -E  -I../common -I/usr/include -I/mysql32/include conftest.c
configure:5337: $? = 0
configure:5357: result: yes
configure:5392: checking for mysql.h
configure:5399: result: yes
configure:5413: checking MySQL library (optional)
configure:5416: result: yes (5.0.88)
configure:5453: checking for pcre_study in -lpcre
configure:5483: gcc -o conftest -g -O2 -pipe -ffast-math -Wall -Wno-sign-compare -m32 -Wno-unused-parameter -Wno-pointer-sign -Wno-switch -fno-strict-aliasing -DHAVE_SETRLIMIT -DHAVE_STRNLEN -Wno-unused -Wno-parentheses -DHAVE_MONOTONIC_CLOCK  -I../common -I/usr/include  -m32 -L/usr/lib conftest.c -lpcre  -lrt -lm -lz  >&5
configure:5489: $? = 0
configure:5493: test -z 
			 || test ! -s conftest.err
configure:5496: $? = 0
configure:5499: test -s conftest
configure:5502: $? = 0
configure:5515: result: yes
configure:5602: checking PCRE library (optional)
configure:5605: result: yes
configure:5629: checking host OS
configure:5632: result: Linux
configure:5657: checking for MinGW
configure:5668: result: no
configure:5801: creating ./config.status

## ---------------------- ##
## Running config.status. ##
## ---------------------- ##

This file was extended by config.status, which was
generated by GNU Autoconf 2.59.  Invocation command line was

  CONFIG_FILES    = 
  CONFIG_HEADERS  = 
  CONFIG_LINKS    = 
  CONFIG_COMMANDS = 
  $ ./config.status 

on br7.inovalink.net

config.status:653: creating Makefile
config.status:653: creating src/common/Makefile
config.status:653: creating 3rdparty/mt19937ar/Makefile
config.status:653: creating src/char/Makefile
config.status:653: creating src/login/Makefile
config.status:653: creating src/char_sql/Makefile
config.status:653: creating src/txt-converter/Makefile
config.status:653: creating src/map/Makefile
config.status:653: creating src/plugins/Makefile
config.status:653: creating src/tool/Makefile

## ---------------- ##
## Cache variables. ##
## ---------------- ##

ac_cv_c_bigendian=no
ac_cv_c_compiler_gnu=yes
ac_cv_env_CC_set=
ac_cv_env_CC_value=
ac_cv_env_CFLAGS_set=
ac_cv_env_CFLAGS_value=
ac_cv_env_CPPFLAGS_set=
ac_cv_env_CPPFLAGS_value=
ac_cv_env_CPP_set=
ac_cv_env_CPP_value=
ac_cv_env_LDFLAGS_set=
ac_cv_env_LDFLAGS_value=
ac_cv_env_build_alias_set=
ac_cv_env_build_alias_value=
ac_cv_env_host_alias_set=
ac_cv_env_host_alias_value=
ac_cv_env_target_alias_set=
ac_cv_env_target_alias_value=
ac_cv_exeext=
ac_cv_func_setrlimit=yes
ac_cv_func_strnlen=yes
ac_cv_header_mysql_h=yes
ac_cv_header_zlib_h=yes
ac_cv_lib_mysqlclient_mysql_init=yes
ac_cv_lib_pcre_pcre_study=yes
ac_cv_lib_z_inflateEnd=yes
ac_cv_objext=o
ac_cv_prog_CPP='gcc -E'
ac_cv_prog_ac_ct_CC=gcc
ac_cv_prog_cc_g=yes
ac_cv_prog_cc_stdc=
ac_cv_prog_make_make_set=yes
ac_cv_search_clock_gettime=-lrt
ac_cv_search_sqrt=-lm

## ----------------- ##
## Output variables. ##
## ----------------- ##

CC='gcc'
CFLAGS='-g -O2 -pipe -ffast-math -Wall -Wno-sign-compare -m32 -Wno-unused-parameter -Wno-pointer-sign -Wno-switch -fno-strict-aliasing -DHAVE_SETRLIMIT -DHAVE_STRNLEN -Wno-unused -Wno-parentheses -DHAVE_MONOTONIC_CLOCK'
CPP='gcc -E'
CPPFLAGS=' -I../common -I/usr/include'
DEFS='-DPACKAGE_NAME=\"\" -DPACKAGE_TARNAME=\"\" -DPACKAGE_VERSION=\"\" -DPACKAGE_STRING=\"\" -DPACKAGE_BUGREPORT=\"\" -DHAVE_LIBZ=1 '
DLLEXT='.so'
ECHO_C=''
ECHO_N='-n'
ECHO_T=''
EGREP=''
EXEEXT=''
HAVE_MYSQL='yes'
HAVE_PCRE='yes'
LDFLAGS=' -m32 -L/usr/lib'
LIBOBJS=''
LIBS='-lrt -lm -lz  -ldl'
LTLIBOBJS=''
MYSQL_CFLAGS='-I/mysql32/include'
MYSQL_CONFIG_HOME='/mysql32/bin/mysql_config'
MYSQL_LIBS='-rdynamic -L/mysql32/lib -lmysqlclient -lz -lcrypt -lnsl -lm'
MYSQL_VERSION='5.0.88'
OBJEXT='o'
PACKAGE_BUGREPORT=''
PACKAGE_NAME=''
PACKAGE_STRING=''
PACKAGE_TARNAME=''
PACKAGE_VERSION=''
PATH_SEPARATOR=':'
PCRE_CFLAGS=''
PCRE_LIBS='-lpcre'
SET_MAKE=''
SHELL='/bin/sh'
WITH_PLUGINS='yes'
ac_ct_CC='gcc'
bindir='${exec_prefix}/bin'
build_alias=''
datadir='${prefix}/share'
exec_prefix='${prefix}'
host_alias=''
includedir='${prefix}/include'
infodir='${prefix}/info'
libdir='${exec_prefix}/lib'
libexecdir='${exec_prefix}/libexec'
localstatedir='${prefix}/var'
mandir='${prefix}/man'
oldincludedir='/usr/include'
prefix='/usr/local'
program_transform_name='s,x,x,'
sbindir='${exec_prefix}/sbin'
sharedstatedir='${prefix}/com'
sysconfdir='${prefix}/etc'
target_alias=''

## ----------- ##
## confdefs.h. ##
## ----------- ##

#define HAVE_LIBZ 1
#define PACKAGE_BUGREPORT ""
#define PACKAGE_NAME ""
#define PACKAGE_STRING ""
#define PACKAGE_TARNAME ""
#define PACKAGE_VERSION ""

configure: exit 0
